********************************************************************************
DUPLICATOR-LITE PACKAGE-LOG: July 25, 2019 12:33 am
NOTICE: Do NOT post to public sites or forums 
********************************************************************************
VERSION:	1.3.14
WORDPRESS:	5.2.2
PHP INFO:	5.6.38 | SAPI: cgi-fcgi
SERVER:		Apache 
PHP TIME LIMIT: (0) no time limit imposed 
PHP MAX MEMORY: 4294967296 (256M default) 
MEMORY STACK: 40.75MB 

********************************************************************************
DATABASE:
********************************************************************************
BUILD MODE:   MYSQLDUMP
MYSQLTIMEOUT: 5000
MYSQLDUMP:    Is Supported 
SQL CREATED: 20190620_consultoriowolpe_47c2db726d073fcb6319_20190725003347_database.sql 
SQL FILE SIZE: 515.85KB (528228) 
SQL FILE TIME: 2019-07-25 00:33:55 
SQL RUNTIME: 0.16 sec. 

******************************************************************************** 
ARCHIVE (ZIP): 
******************************************************************************** 
ARCHIVE DIR:  /home2/consu542/public_html/web-site 
ARCHIVE FILE: 20190620_consultoriowolpe_47c2db726d073fcb6319_20190725003347_archive.zip 
FILTERS: *OFF* 
DIRS:
	not set 
FILES:
	not set 
EXTS:  not set 
---------------------------------------- 
COMPRESSING 
SIZE:	100.8MB 
STATS:	Dirs 617 | Files 6,700 
SQL ADDED: 20190620_consultoriowolpe_47c2db726d073fcb6319_20190725003347_database.sql 
ZipArchive Object
(
    [status] => 0
    [statusSys] => 0
    [numFiles] => 7317
    [filename] => /home2/consu542/public_html/web-site/wp-snapshots/tmp/20190620_consultoriowolpe_47c2db726d073fcb6319_20190725003347_archive.zip
    [comment] => 
)
 
FILE ADDED TO ZIP: 7316 
COMPRESSION RESULT: '1' 
COMPRESSED SIZE: 52.93MB 
ARCHIVE RUNTIME: 13.45 sec. 
MEMORY STACK: 128.5MB 
building installer 
add_extra_files1 
add_extra_files2 
add_extra_files3 
add_extra_files4 
Doing archive file check 
add_extra_files5 
add_extra_files6 
add_extra_files8 
Successfully opened zip /home2/consu542/public_html/web-site/wp-snapshots/tmp/20190620_consultoriowolpe_47c2db726d073fcb6319_20190725003347_archive.zip 
Adding enhanced installer files to archive using ZipArchive 
Installer files added to archive 
Added to archive 
After ziparchive close when adding installer 

******************************************************************************** 
INTEGRITY CHECKS: 
******************************************************************************** 
SQL FILE: 515.85KB 
INSTALLER FILE: 47.41KB 
ARCHIVE FILE: 54.3MB  
EXPECTED FILE/DIRECTORY COUNT: 7,317 
ACTUAL FILE/DIRECTORY COUNT: 7,316 
ARCHIVE CONSISTENCY TEST: Pass 

********************************************************************************
RECORD ID:[4]
TOTAL PROCESS RUNTIME: 14.37 sec.
PEAK PHP MEMORY USED: 131.25MB
DONE PROCESSING => 20190620_consultoriowolpe July 25, 2019 12:34 am
 
