********************************************************************************
DUPLICATOR-LITE PACKAGE-LOG: September 14, 2019 4:55 pm
NOTICE: Do NOT post to public sites or forums 
********************************************************************************
VERSION:	1.3.14
WORDPRESS:	5.2.2
PHP INFO:	5.6.38 | SAPI: cgi-fcgi
SERVER:		Apache 
PHP TIME LIMIT: (0) no time limit imposed 
PHP MAX MEMORY: 4294967296 (256M default) 
MEMORY STACK: 45MB 

********************************************************************************
DATABASE:
********************************************************************************
BUILD MODE:   MYSQLDUMP
MYSQLTIMEOUT: 5000
MYSQLDUMP:    Is Supported 
SQL CREATED: 20190620_consultoriowolpe_95330b3fa39d3b1b2326_20190914165539_database.sql 
SQL FILE SIZE: 652.25KB (667901) 
SQL FILE TIME: 2019-09-14 16:55:54 
SQL RUNTIME: 0.36 sec. 

******************************************************************************** 
ARCHIVE (ZIP): 
******************************************************************************** 
ARCHIVE DIR:  /home2/consu542/public_html/web-site 
ARCHIVE FILE: 20190620_consultoriowolpe_95330b3fa39d3b1b2326_20190914165539_archive.zip 
FILTERS: *OFF* 
DIRS:
	not set 
FILES:
	not set 
EXTS:  not set 
---------------------------------------- 
COMPRESSING 
SIZE:	168.44MB 
STATS:	Dirs 666 | Files 7,933 
SQL ADDED: 20190620_consultoriowolpe_95330b3fa39d3b1b2326_20190914165539_database.sql 
ZipArchive Object
(
    [status] => 0
    [statusSys] => 0
    [numFiles] => 8599
    [filename] => /home2/consu542/public_html/web-site/wp-snapshots/tmp/20190620_consultoriowolpe_95330b3fa39d3b1b2326_20190914165539_archive.zip
    [comment] => 
)
 
FILE ADDED TO ZIP: 8598 
COMPRESSION RESULT: '1' 
COMPRESSED SIZE: 119.35MB 
ARCHIVE RUNTIME: 24.25 sec. 
MEMORY STACK: 141.75MB 
building installer 
add_extra_files1 
add_extra_files2 
add_extra_files3 
add_extra_files4 
Doing archive file check 
add_extra_files5 
add_extra_files6 
add_extra_files8 
Successfully opened zip /home2/consu542/public_html/web-site/wp-snapshots/tmp/20190620_consultoriowolpe_95330b3fa39d3b1b2326_20190914165539_archive.zip 
Adding enhanced installer files to archive using ZipArchive 
Installer files added to archive 
Added to archive 
After ziparchive close when adding installer 

******************************************************************************** 
INTEGRITY CHECKS: 
******************************************************************************** 
SQL FILE: 652.25KB 
INSTALLER FILE: 47.41KB 
ARCHIVE FILE: 120.74MB  
EXPECTED FILE/DIRECTORY COUNT: 8,599 
ACTUAL FILE/DIRECTORY COUNT: 8,598 
ARCHIVE CONSISTENCY TEST: Pass 

********************************************************************************
RECORD ID:[5]
TOTAL PROCESS RUNTIME: 25.72 sec.
PEAK PHP MEMORY USED: 144.75MB
DONE PROCESSING => 20190620_consultoriowolpe September 14, 2019 4:56 pm
 
